<?xml version="1.0" encoding="UTF-8"?>
<testsuite name="org.example.spring_app.controller.WindowControllerTest" tests="7" skipped="0" failures="0" errors="0" timestamp="2022-11-14T16:56:11" hostname="marcassoli-E203NA" time="1.366">
  <properties/>
  <testcase name="shouldLoadAWindow()" classname="org.example.spring_app.controller.WindowControllerTest" time="0.554"/>
  <testcase name="shouldSwitchWindow()" classname="org.example.spring_app.controller.WindowControllerTest" time="0.258"/>
  <testcase name="shouldCreateWindow()" classname="org.example.spring_app.controller.WindowControllerTest" time="0.144"/>
  <testcase name="shouldUpdateWindow()" classname="org.example.spring_app.controller.WindowControllerTest" time="0.056"/>
  <testcase name="shouldLoadWindows()" classname="org.example.spring_app.controller.WindowControllerTest" time="0.242"/>
  <testcase name="shouldDeleteWindow()" classname="org.example.spring_app.controller.WindowControllerTest" time="0.015"/>
  <testcase name="shouldLoadAWindowAndReturnNullIfNotFound()" classname="org.example.spring_app.controller.WindowControllerTest" time="0.019"/>
  <system-out><![CDATA[17:56:02.076 [Test worker] DEBUG org.springframework.test.context.BootstrapUtils - Instantiating CacheAwareContextLoaderDelegate from class [org.springframework.test.context.cache.DefaultCacheAwareContextLoaderDelegate]
17:56:02.118 [Test worker] DEBUG org.springframework.test.context.BootstrapUtils - Instantiating BootstrapContext using constructor [public org.springframework.test.context.support.DefaultBootstrapContext(java.lang.Class,org.springframework.test.context.CacheAwareContextLoaderDelegate)]
17:56:02.276 [Test worker] DEBUG org.springframework.test.context.BootstrapUtils - Instantiating TestContextBootstrapper for test class [org.example.spring_app.controller.WindowControllerTest] from class [org.springframework.boot.test.autoconfigure.web.servlet.WebMvcTestContextBootstrapper]
17:56:02.336 [Test worker] INFO org.springframework.boot.test.autoconfigure.web.servlet.WebMvcTestContextBootstrapper - Neither @ContextConfiguration nor @ContextHierarchy found for test class [org.example.spring_app.controller.WindowControllerTest], using SpringBootContextLoader
17:56:02.351 [Test worker] DEBUG org.springframework.test.context.support.AbstractContextLoader - Did not detect default resource location for test class [org.example.spring_app.controller.WindowControllerTest]: class path resource [org/example/spring_app/controller/WindowControllerTest-context.xml] does not exist
17:56:02.355 [Test worker] DEBUG org.springframework.test.context.support.AbstractContextLoader - Did not detect default resource location for test class [org.example.spring_app.controller.WindowControllerTest]: class path resource [org/example/spring_app/controller/WindowControllerTestContext.groovy] does not exist
17:56:02.361 [Test worker] INFO org.springframework.test.context.support.AbstractContextLoader - Could not detect default resource locations for test class [org.example.spring_app.controller.WindowControllerTest]: no resource found for suffixes {-context.xml, Context.groovy}.
17:56:02.365 [Test worker] INFO org.springframework.test.context.support.AnnotationConfigContextLoaderUtils - Could not detect default configuration classes for test class [org.example.spring_app.controller.WindowControllerTest]: WindowControllerTest does not declare any static, non-private, non-final, nested classes annotated with @Configuration.
17:56:02.626 [Test worker] DEBUG org.springframework.test.context.support.ActiveProfilesUtils - Could not find an 'annotation declaring class' for annotation type [org.springframework.test.context.ActiveProfiles] and class [org.example.spring_app.controller.WindowControllerTest]
17:56:02.944 [Test worker] DEBUG org.springframework.context.annotation.ClassPathScanningCandidateComponentProvider - Identified candidate component class: file [/home/marcassoli/Bureau/Cours_3A/majeure_Info/Spring-App/build/classes/java/main/org/example/spring_app/SpringAppApplication.class]
17:56:02.951 [Test worker] INFO org.springframework.boot.test.context.SpringBootTestContextBootstrapper - Found @SpringBootConfiguration org.example.spring_app.SpringAppApplication for test class org.example.spring_app.controller.WindowControllerTest
17:56:02.981 [Test worker] DEBUG org.springframework.boot.test.autoconfigure.web.servlet.WebMvcTestContextBootstrapper - @TestExecutionListeners is not present for class [org.example.spring_app.controller.WindowControllerTest]: using defaults.
17:56:02.993 [Test worker] INFO org.springframework.boot.test.autoconfigure.web.servlet.WebMvcTestContextBootstrapper - Loaded default TestExecutionListener class names from location [META-INF/spring.factories]: [org.springframework.boot.test.autoconfigure.restdocs.RestDocsTestExecutionListener, org.springframework.boot.test.autoconfigure.web.client.MockRestServiceServerResetTestExecutionListener, org.springframework.boot.test.autoconfigure.web.servlet.MockMvcPrintOnlyOnFailureTestExecutionListener, org.springframework.boot.test.autoconfigure.web.servlet.WebDriverTestExecutionListener, org.springframework.boot.test.autoconfigure.webservices.client.MockWebServiceServerTestExecutionListener, org.springframework.boot.test.mock.mockito.MockitoTestExecutionListener, org.springframework.boot.test.mock.mockito.ResetMocksTestExecutionListener, org.springframework.test.context.web.ServletTestExecutionListener, org.springframework.test.context.support.DirtiesContextBeforeModesTestExecutionListener, org.springframework.test.context.event.ApplicationEventsTestExecutionListener, org.springframework.test.context.support.DependencyInjectionTestExecutionListener, org.springframework.test.context.support.DirtiesContextTestExecutionListener, org.springframework.test.context.transaction.TransactionalTestExecutionListener, org.springframework.test.context.jdbc.SqlScriptsTestExecutionListener, org.springframework.test.context.event.EventPublishingTestExecutionListener]
17:56:03.108 [Test worker] INFO org.springframework.boot.test.autoconfigure.web.servlet.WebMvcTestContextBootstrapper - Using TestExecutionListeners: [org.springframework.test.context.web.ServletTestExecutionListener@56a4479a, org.springframework.test.context.support.DirtiesContextBeforeModesTestExecutionListener@62163b39, org.springframework.test.context.event.ApplicationEventsTestExecutionListener@20a8a64e, org.springframework.boot.test.mock.mockito.MockitoTestExecutionListener@62f4ff3b, org.springframework.boot.test.autoconfigure.SpringBootDependencyInjectionTestExecutionListener@1698fc68, org.springframework.test.context.support.DirtiesContextTestExecutionListener@4504d271, org.springframework.test.context.transaction.TransactionalTestExecutionListener@207b8649, org.springframework.test.context.jdbc.SqlScriptsTestExecutionListener@65b3a85a, org.springframework.test.context.event.EventPublishingTestExecutionListener@34997338, org.springframework.boot.test.autoconfigure.restdocs.RestDocsTestExecutionListener@57eda880, org.springframework.boot.test.autoconfigure.web.client.MockRestServiceServerResetTestExecutionListener@2b5825fa, org.springframework.boot.test.autoconfigure.web.servlet.MockMvcPrintOnlyOnFailureTestExecutionListener@53d1b9b3, org.springframework.boot.test.autoconfigure.web.servlet.WebDriverTestExecutionListener@2cae1042, org.springframework.boot.test.autoconfigure.webservices.client.MockWebServiceServerTestExecutionListener@163d04ff, org.springframework.boot.test.mock.mockito.ResetMocksTestExecutionListener@7c209437]
17:56:03.132 [Test worker] DEBUG org.springframework.test.context.support.AbstractDirtiesContextTestExecutionListener - Before test class: context [DefaultTestContext@a776e testClass = WindowControllerTest, testInstance = [null], testMethod = [null], testException = [null], mergedContextConfiguration = [WebMergedContextConfiguration@792bbc74 testClass = WindowControllerTest, locations = '{}', classes = '{class org.example.spring_app.SpringAppApplication}', contextInitializerClasses = '[]', activeProfiles = '{}', propertySourceLocations = '{}', propertySourceProperties = '{org.springframework.boot.test.autoconfigure.web.servlet.WebMvcTestContextBootstrapper=true}', contextCustomizers = set[org.springframework.boot.test.autoconfigure.OverrideAutoConfigurationContextCustomizerFactory$DisableAutoConfigurationContextCustomizer@2a62b5bc, org.springframework.boot.test.autoconfigure.actuate.metrics.MetricsExportContextCustomizerFactory$DisableMetricExportContextCustomizer@4ce1d6d0, org.springframework.boot.test.autoconfigure.filter.TypeExcludeFiltersContextCustomizer@d3ca5f69, org.springframework.boot.test.autoconfigure.properties.PropertyMappingContextCustomizer@171a249c, org.springframework.boot.test.autoconfigure.web.servlet.WebDriverContextCustomizerFactory$Customizer@46944ca9, [ImportsContextCustomizer@79145d5a key = [org.springframework.boot.autoconfigure.cache.CacheAutoConfiguration, org.springframework.boot.autoconfigure.context.MessageSourceAutoConfiguration, org.springframework.boot.autoconfigure.data.web.SpringDataWebAutoConfiguration, org.springframework.boot.autoconfigure.freemarker.FreeMarkerAutoConfiguration, org.springframework.boot.autoconfigure.groovy.template.GroovyTemplateAutoConfiguration, org.springframework.boot.autoconfigure.gson.GsonAutoConfiguration, org.springframework.boot.autoconfigure.hateoas.HypermediaAutoConfiguration, org.springframework.boot.autoconfigure.http.HttpMessageConvertersAutoConfiguration, org.springframework.boot.autoconfigure.jackson.JacksonAutoConfiguration, org.springframework.boot.autoconfigure.jsonb.JsonbAutoConfiguration, org.springframework.boot.autoconfigure.mustache.MustacheAutoConfiguration, org.springframework.boot.autoconfigure.task.TaskExecutionAutoConfiguration, org.springframework.boot.autoconfigure.thymeleaf.ThymeleafAutoConfiguration, org.springframework.boot.autoconfigure.validation.ValidationAutoConfiguration, org.springframework.boot.autoconfigure.web.servlet.error.ErrorMvcAutoConfiguration, org.springframework.boot.autoconfigure.web.servlet.HttpEncodingAutoConfiguration, org.springframework.boot.autoconfigure.web.servlet.WebMvcAutoConfiguration, org.springframework.boot.test.autoconfigure.web.servlet.MockMvcAutoConfiguration, org.springframework.boot.test.autoconfigure.web.servlet.MockMvcWebClientAutoConfiguration, org.springframework.boot.test.autoconfigure.web.servlet.MockMvcWebDriverAutoConfiguration, org.springframework.boot.autoconfigure.security.oauth2.client.servlet.OAuth2ClientAutoConfiguration, org.springframework.boot.autoconfigure.security.oauth2.resource.servlet.OAuth2ResourceServerAutoConfiguration, org.springframework.boot.autoconfigure.security.servlet.SecurityAutoConfiguration, org.springframework.boot.autoconfigure.security.servlet.SecurityFilterAutoConfiguration, org.springframework.boot.autoconfigure.security.servlet.UserDetailsServiceAutoConfiguration, org.springframework.boot.test.autoconfigure.web.servlet.MockMvcSecurityConfiguration, org.springframework.boot.test.autoconfigure.web.reactive.WebTestClientAutoConfiguration]], org.springframework.boot.test.context.filter.ExcludeFilterContextCustomizer@614df0a4, org.springframework.boot.test.json.DuplicateJsonObjectContextCustomizerFactory$DuplicateJsonObjectContextCustomizer@73a2e526, org.springframework.boot.test.mock.mockito.MockitoContextCustomizer@4bcf61e2, org.springframework.boot.test.context.SpringBootTestArgs@1, org.springframework.boot.test.context.SpringBootTestWebEnvironment@0], resourceBasePath = 'src/main/webapp', contextLoader = 'org.springframework.boot.test.context.SpringBootContextLoader', parent = [null]], attributes = map[[empty]]], class annotated with @DirtiesContext [false] with mode [null].

  .   ____          _            __ _ _
 /\\ / ___'_ __ _ _(_)_ __  __ _ \ \ \ \
( ( )\___ | '_ | '_| | '_ \/ _` | \ \ \ \
 \\/  ___)| |_)| | | | | || (_| |  ) ) ) )
  '  |____| .__|_| |_|_| |_\__, | / / / /
 =========|_|==============|___/=/_/_/_/
 :: Spring Boot ::                (v2.7.3)

2022-11-14 17:56:05.209  INFO 5254 --- [    Test worker] o.e.s.controller.WindowControllerTest    : Starting WindowControllerTest using Java 17.0.5 on marcassoli-E203NA with PID 5254 (started by marcassoli in /home/marcassoli/Bureau/Cours_3A/majeure_Info/Spring-App)
2022-11-14 17:56:05.215  INFO 5254 --- [    Test worker] o.e.s.controller.WindowControllerTest    : No active profile set, falling back to 1 default profile: "default"
2022-11-14 17:56:11.163  INFO 5254 --- [    Test worker] o.s.b.a.w.s.WelcomePageHandlerMapping    : Adding welcome page: class path resource [static/index.html]
2022-11-14 17:56:11.763  INFO 5254 --- [    Test worker] o.s.b.t.m.w.SpringBootMockServletContext : Initializing Spring TestDispatcherServlet ''
2022-11-14 17:56:11.764  INFO 5254 --- [    Test worker] o.s.t.web.servlet.TestDispatcherServlet  : Initializing Servlet ''
2022-11-14 17:56:11.771  INFO 5254 --- [    Test worker] o.s.t.web.servlet.TestDispatcherServlet  : Completed initialization in 2 ms
2022-11-14 17:56:11.859  INFO 5254 --- [    Test worker] o.e.s.controller.WindowControllerTest    : Started WindowControllerTest in 8.449 seconds (JVM running for 13.887)
]]></system-out>
  <system-err><![CDATA[]]></system-err>
</testsuite>
